1,本系统设计之初及考虑了 能够在win系统上跑，也能在linux上跑；
而在linux兼容设计的时候，考虑到linux对安全考虑较多
所以，1。上传apk，对apk进行解析的aapt执行脚本需要分platform
执行不同的文件
     2。 执行命令时，对用户权限，linux要求比较严格，
        2.1 tomcat 以普通用户的身份运行，要求apache tomcat的文件包的 文件所有者必须为普通用户
        2.2 在上传文件新建文件夹的时候，这些文件才会是普通用户，
        2.3 在系统连接数据库的时候，会要求以普通用户的形式连接数据库 比如  panda@localhost  而不是c3p0制定
             的连接数据库的数据，这个还没弄明白是怎么回事，现在的临时解决方案是在mysql中又新建了一个用户，并把对应的database的相关
             权限开发给这个用户。

  以上，请在linux平台部署的时候，还请注意。

  2019.01.05  changcan


2 拦截重复表单提交Ok  2019 01 07 //遗留问题  apptype 重复提交后不能访问
  /appTypeAction_getAppTypes
  而devtype这方面是好的，这个可能存在其他的问题，留作今后再作解决.
  这个bug不需要需要重启tomcat才能解决，所以必须在下一个merge master之前解决


  解决了因为appType一系 AppTypeAction AppTypeService AppTypeDao 也有xml 和注解双重创建bean
  可能造成了一些冲突

3, 设计到一个问题，app软件版本的更新
这里需要拓展一个关系  历史版本号的问题, down_url 和app_ver 需要合并为一个类，并且以此类作为app的一个
属性   取个名字为DownURLVersion  和app的关系是多对一的关系  正是取代上面两个字符串属性



\
4 ,权限管理
  目前没有权限管理，普通管理员依然可以删除 超级管理员
5 ,下载位置  等一些常量 是可以定制的


